2026-02-06 14:31:28,771 DEBUG    root            Loaded Command Group: ['gcloud', 'components']
2026-02-06 14:31:28,806 DEBUG    root            Loaded Command Group: ['gcloud', 'components', 'update']
2026-02-06 14:31:28,808 DEBUG    root            Running [gcloud.components.update] with arguments: [--quiet: "True", COMPONENT-IDS:8: "['gcloud', 'core', 'bq', 'gsutil', 'compute', 'preview', 'alpha', 'beta']"]
2026-02-06 14:31:28,809 DEBUG    root            On GCE from disk cache: False
2026-02-06 14:31:28,809 INFO     ___FILE_ONLY___ Beginning update. This process may take several minutes.

2026-02-06 14:31:28,810 DEBUG    root            On GCE from memory cache: False
2026-02-06 14:31:28,812 DEBUG    root            On GCE from memory cache: False
2026-02-06 14:31:28,814 DEBUG    urllib3.connectionpool Starting new HTTPS connection (1): dl.google.com:443
2026-02-06 14:31:29,893 DEBUG    urllib3.connectionpool https://dl.google.com:443 "GET /dl/cloudsdk/channels/rapid/components-2.json HTTP/1.1" 200 24988
2026-02-06 14:31:29,905 WARNING  root            Component [compute] no longer exists.
2026-02-06 14:31:29,906 INFO     ___FILE_ONLY___ 

2026-02-06 14:31:29,906 INFO     ___FILE_ONLY___ 
Your current Google Cloud CLI version is: 555.0.0

2026-02-06 14:31:29,907 INFO     ___FILE_ONLY___ Installing components from version: 555.0.0

2026-02-06 14:31:29,907 INFO     ___FILE_ONLY___ 

2026-02-06 14:31:29,907 DEBUG    root            Chosen display Format:table[box,title="These components will be removed."](details.display_name:label=Name:align=left,version.version_string:label=Version:align=right,data.size.size(zero="",min=1048576):label=Size:align=right)
2026-02-06 14:31:29,907 DEBUG    root            Chosen display Format:table[box,title="These components will be updated."](details.display_name:label=Name:align=left,version.version_string:label=Version:align=right,data.size.size(zero="",min=1048576):label=Size:align=right)
2026-02-06 14:31:29,908 DEBUG    root            Chosen display Format:table[box,title="These components will be installed."](details.display_name:label=Name:align=left,version.version_string:label=Version:align=right,data.size.size(zero="",min=1048576):label=Size:align=right)
2026-02-06 14:31:29,924 INFO     ___FILE_ONLY___ ┌────────────────────────────────────────────────┐
2026-02-06 14:31:29,924 INFO     ___FILE_ONLY___ 

2026-02-06 14:31:29,924 INFO     ___FILE_ONLY___ │      These components will be installed.       │
2026-02-06 14:31:29,925 INFO     ___FILE_ONLY___ 

2026-02-06 14:31:29,925 INFO     ___FILE_ONLY___ ├─────────────────────────┬────────────┬─────────┤
2026-02-06 14:31:29,925 INFO     ___FILE_ONLY___ 

2026-02-06 14:31:29,925 INFO     ___FILE_ONLY___ │           Name          │  Version   │   Size  │
2026-02-06 14:31:29,925 INFO     ___FILE_ONLY___ 

2026-02-06 14:31:29,925 INFO     ___FILE_ONLY___ ├─────────────────────────┼────────────┼─────────┤
2026-02-06 14:31:29,925 INFO     ___FILE_ONLY___ 

2026-02-06 14:31:29,925 INFO     ___FILE_ONLY___ │ 
2026-02-06 14:31:29,925 INFO     ___FILE_ONLY___ gcloud Alpha Commands  
2026-02-06 14:31:29,925 INFO     ___FILE_ONLY___  
2026-02-06 14:31:29,925 INFO     ___FILE_ONLY___ │ 
2026-02-06 14:31:29,926 INFO     ___FILE_ONLY___ 2026.01.30
2026-02-06 14:31:29,926 INFO     ___FILE_ONLY___  
2026-02-06 14:31:29,926 INFO     ___FILE_ONLY___ │ 
2026-02-06 14:31:29,926 INFO     ___FILE_ONLY___ < 1 MiB
2026-02-06 14:31:29,926 INFO     ___FILE_ONLY___  
2026-02-06 14:31:29,926 INFO     ___FILE_ONLY___ │
2026-02-06 14:31:29,926 INFO     ___FILE_ONLY___ 

2026-02-06 14:31:29,926 INFO     ___FILE_ONLY___ │ 
2026-02-06 14:31:29,926 INFO     ___FILE_ONLY___ gcloud Beta Commands   
2026-02-06 14:31:29,926 INFO     ___FILE_ONLY___  
2026-02-06 14:31:29,926 INFO     ___FILE_ONLY___ │ 
2026-02-06 14:31:29,926 INFO     ___FILE_ONLY___ 2026.01.30
2026-02-06 14:31:29,927 INFO     ___FILE_ONLY___  
2026-02-06 14:31:29,927 INFO     ___FILE_ONLY___ │ 
2026-02-06 14:31:29,927 INFO     ___FILE_ONLY___ < 1 MiB
2026-02-06 14:31:29,927 INFO     ___FILE_ONLY___  
2026-02-06 14:31:29,927 INFO     ___FILE_ONLY___ │
2026-02-06 14:31:29,927 INFO     ___FILE_ONLY___ 

2026-02-06 14:31:29,927 INFO     ___FILE_ONLY___ │ 
2026-02-06 14:31:29,927 INFO     ___FILE_ONLY___ gcloud Preview Commands
2026-02-06 14:31:29,927 INFO     ___FILE_ONLY___  
2026-02-06 14:31:29,928 INFO     ___FILE_ONLY___ │ 
2026-02-06 14:31:29,928 INFO     ___FILE_ONLY___           
2026-02-06 14:31:29,928 INFO     ___FILE_ONLY___  
2026-02-06 14:31:29,928 INFO     ___FILE_ONLY___ │ 
2026-02-06 14:31:29,928 INFO     ___FILE_ONLY___ < 1 MiB
2026-02-06 14:31:29,928 INFO     ___FILE_ONLY___  
2026-02-06 14:31:29,929 INFO     ___FILE_ONLY___ │
2026-02-06 14:31:29,929 INFO     ___FILE_ONLY___ 

2026-02-06 14:31:29,929 INFO     ___FILE_ONLY___ └─────────────────────────┴────────────┴─────────┘
2026-02-06 14:31:29,929 INFO     ___FILE_ONLY___ 

2026-02-06 14:31:29,929 INFO     ___FILE_ONLY___ 

2026-02-06 14:31:29,930 DEBUG    root            On GCE from memory cache: False
2026-02-06 14:31:29,931 DEBUG    root            On GCE from memory cache: False
2026-02-06 14:31:29,932 DEBUG    urllib3.connectionpool Starting new HTTPS connection (1): dl.google.com:443
2026-02-06 14:31:31,037 DEBUG    urllib3.connectionpool https://dl.google.com:443 "GET /dl/cloudsdk/channels/rapid/RELEASE_NOTES HTTP/1.1" 200 348197
2026-02-06 14:31:31,569 INFO     ___FILE_ONLY___ For the latest full release notes, please visit:
  https://cloud.google.com/sdk/release_notes


2026-02-06 14:31:31,569 INFO     ___FILE_ONLY___ Performing in place update...


2026-02-06 14:31:31,571 INFO     ___FILE_ONLY___ ╔════════════════════════════════════════════════════════════╗

2026-02-06 14:31:31,571 INFO     ___FILE_ONLY___ ╠═ Downloading: gcloud Alpha Commands                       ═╣

2026-02-06 14:31:31,571 INFO     ___FILE_ONLY___ ╚
2026-02-06 14:31:31,572 DEBUG    root            On GCE from memory cache: False
2026-02-06 14:31:31,574 DEBUG    root            On GCE from memory cache: False
2026-02-06 14:31:31,575 DEBUG    urllib3.connectionpool Starting new HTTPS connection (1): dl.google.com:443
2026-02-06 14:31:32,722 DEBUG    urllib3.connectionpool https://dl.google.com:443 "GET /dl/cloudsdk/channels/rapid/components/google-cloud-sdk-alpha-20260130130055.tar.gz HTTP/1.1" 200 800
2026-02-06 14:31:32,723 INFO     ___FILE_ONLY___ ════════════════════════════════════════════════════════════
2026-02-06 14:31:32,723 INFO     ___FILE_ONLY___ ╝

2026-02-06 14:31:32,725 INFO     ___FILE_ONLY___ ╔════════════════════════════════════════════════════════════╗

2026-02-06 14:31:32,725 INFO     ___FILE_ONLY___ ╠═ Downloading: gcloud Beta Commands                        ═╣

2026-02-06 14:31:32,725 INFO     ___FILE_ONLY___ ╚
2026-02-06 14:31:32,726 DEBUG    root            On GCE from memory cache: False
2026-02-06 14:31:32,727 DEBUG    root            On GCE from memory cache: False
2026-02-06 14:31:32,728 DEBUG    urllib3.connectionpool Starting new HTTPS connection (1): dl.google.com:443
2026-02-06 14:31:33,869 DEBUG    urllib3.connectionpool https://dl.google.com:443 "GET /dl/cloudsdk/channels/rapid/components/google-cloud-sdk-beta-20260130130055.tar.gz HTTP/1.1" 200 797
2026-02-06 14:31:33,870 INFO     ___FILE_ONLY___ ════════════════════════════════════════════════════════════
2026-02-06 14:31:33,870 INFO     ___FILE_ONLY___ ╝

2026-02-06 14:31:33,872 INFO     ___FILE_ONLY___ ╔════════════════════════════════════════════════════════════╗

2026-02-06 14:31:33,872 INFO     ___FILE_ONLY___ ╠═ Downloading: gcloud Preview Commands                     ═╣

2026-02-06 14:31:33,873 INFO     ___FILE_ONLY___ ╚
2026-02-06 14:31:33,874 DEBUG    root            On GCE from memory cache: False
2026-02-06 14:31:33,875 DEBUG    root            On GCE from memory cache: False
2026-02-06 14:31:33,876 DEBUG    urllib3.connectionpool Starting new HTTPS connection (1): dl.google.com:443
2026-02-06 14:31:34,973 DEBUG    urllib3.connectionpool https://dl.google.com:443 "GET /dl/cloudsdk/channels/rapid/components/google-cloud-sdk-preview-20241115154308.tar.gz HTTP/1.1" 200 823
2026-02-06 14:31:34,974 INFO     ___FILE_ONLY___ ════════════════════════════════════════════════════════════
2026-02-06 14:31:34,974 INFO     ___FILE_ONLY___ ╝

2026-02-06 14:31:34,976 INFO     ___FILE_ONLY___ ╔════════════════════════════════════════════════════════════╗

2026-02-06 14:31:34,976 INFO     ___FILE_ONLY___ ╠═ Installing: gcloud Alpha Commands                        ═╣

2026-02-06 14:31:34,976 INFO     ___FILE_ONLY___ ╚
2026-02-06 14:31:34,978 INFO     ___FILE_ONLY___ ════════════════════════════════════════════════════════════
2026-02-06 14:31:34,978 INFO     ___FILE_ONLY___ ╝

2026-02-06 14:31:34,985 INFO     ___FILE_ONLY___ ╔════════════════════════════════════════════════════════════╗

2026-02-06 14:31:34,985 INFO     ___FILE_ONLY___ ╠═ Installing: gcloud Beta Commands                         ═╣

2026-02-06 14:31:34,985 INFO     ___FILE_ONLY___ ╚
2026-02-06 14:31:34,986 INFO     ___FILE_ONLY___ ════════════════════════════════════════════════════════════
2026-02-06 14:31:34,986 INFO     ___FILE_ONLY___ ╝

2026-02-06 14:31:34,991 INFO     ___FILE_ONLY___ ╔════════════════════════════════════════════════════════════╗

2026-02-06 14:31:34,991 INFO     ___FILE_ONLY___ ╠═ Installing: gcloud Preview Commands                      ═╣

2026-02-06 14:31:34,991 INFO     ___FILE_ONLY___ ╚
2026-02-06 14:31:34,992 INFO     ___FILE_ONLY___ ════════════════════════════════════════════════════════════
2026-02-06 14:31:34,992 INFO     ___FILE_ONLY___ ╝

2026-02-06 14:31:34,997 DEBUG    root            Updating notification cache...
2026-02-06 14:31:34,997 INFO     ___FILE_ONLY___ 

2026-02-06 14:31:34,999 INFO     ___FILE_ONLY___ Performing post processing steps...
2026-02-06 14:31:34,999 DEBUG    root            Executing command: ['/tools/google-cloud-sdk/bin/gcloud', 'components', 'post-process']
2026-02-06 14:31:44,119 DEBUG    ___FILE_ONLY___ 
2026-02-06 14:31:44,119 DEBUG    ___FILE_ONLY___ 
2026-02-06 14:31:44,266 INFO     root            descriptor_list: [{'universeDomain': 'googleapis.com', 'universeShortName': '', 'authenticationDomain': 'auth.cloud.google.com', 'projectPrefix': '', 'cloudWebDomain': 'cloud.google.com', 'documentationDomain': 'cloud.google.com', 'version': '1.0.0', 'state': 'primary', 'artifactRegistryDomain': 'pkg.dev'}]
2026-02-06 14:31:44,267 INFO     ___FILE_ONLY___ 
Update done!


2026-02-06 14:31:44,269 DEBUG    root            Chosen display Format:none
2026-02-06 14:31:44,269 INFO     root            Display format: "none"
