2026-02-06 14:30:32,594 DEBUG    root            Failed to read GCE cache file: [Errno 2] No such file or directory: '/content/.config/gce'
2026-02-06 14:30:44,619 DEBUG    root            Failed to check metadata server: <urlopen error timed out>
2026-02-06 14:30:44,619 DEBUG    root            On GCE from server: False
2026-02-06 14:30:44,622 DEBUG    root            Loaded Command Group: ['gcloud', 'components']
2026-02-06 14:30:44,626 DEBUG    root            Loaded Command Group: ['gcloud', 'components', 'update']
2026-02-06 14:30:44,628 DEBUG    root            Running [gcloud.components.update] with arguments: [--compile-python: "True", --quiet: "True", COMPONENT-IDS:6: "['core', 'gcloud-deps', 'bq', 'gcloud', 'gcloud-crc32c', 'gsutil']"]
2026-02-06 14:30:44,629 INFO     ___FILE_ONLY___ Beginning update. This process may take several minutes.

2026-02-06 14:30:44,642 DEBUG    root            On GCE from memory cache: False
2026-02-06 14:30:44,644 DEBUG    root            On GCE from memory cache: False
2026-02-06 14:30:44,647 DEBUG    urllib3.connectionpool Starting new HTTPS connection (1): dl.google.com:443
2026-02-06 14:30:45,733 DEBUG    urllib3.connectionpool https://dl.google.com:443 "GET /dl/cloudsdk/channels/rapid/components-2.json HTTP/1.1" 200 24988
2026-02-06 14:30:45,746 INFO     ___FILE_ONLY___ 

2026-02-06 14:30:45,746 INFO     ___FILE_ONLY___ 
Your current Google Cloud CLI version is: 555.0.0

2026-02-06 14:30:45,746 INFO     ___FILE_ONLY___ Installing components from version: 555.0.0

2026-02-06 14:30:45,746 INFO     ___FILE_ONLY___ 

2026-02-06 14:30:45,747 DEBUG    root            Chosen display Format:table[box,title="These components will be removed."](details.display_name:label=Name:align=left,version.version_string:label=Version:align=right,data.size.size(zero="",min=1048576):label=Size:align=right)
2026-02-06 14:30:45,747 DEBUG    root            Chosen display Format:table[box,title="These components will be updated."](details.display_name:label=Name:align=left,version.version_string:label=Version:align=right,data.size.size(zero="",min=1048576):label=Size:align=right)
2026-02-06 14:30:45,748 DEBUG    root            Chosen display Format:table[box,title="These components will be installed."](details.display_name:label=Name:align=left,version.version_string:label=Version:align=right,data.size.size(zero="",min=1048576):label=Size:align=right)
2026-02-06 14:30:45,791 INFO     ___FILE_ONLY___ ┌──────────────────────────────────────────────────────────────────────────────┐
2026-02-06 14:30:45,792 INFO     ___FILE_ONLY___ 

2026-02-06 14:30:45,792 INFO     ___FILE_ONLY___ │                     These components will be installed.                      │
2026-02-06 14:30:45,792 INFO     ___FILE_ONLY___ 

2026-02-06 14:30:45,792 INFO     ___FILE_ONLY___ ├─────────────────────────────────────────────────────┬────────────┬───────────┤
2026-02-06 14:30:45,792 INFO     ___FILE_ONLY___ 

2026-02-06 14:30:45,792 INFO     ___FILE_ONLY___ │                         Name                        │  Version   │    Size   │
2026-02-06 14:30:45,792 INFO     ___FILE_ONLY___ 

2026-02-06 14:30:45,792 INFO     ___FILE_ONLY___ ├─────────────────────────────────────────────────────┼────────────┼───────────┤
2026-02-06 14:30:45,792 INFO     ___FILE_ONLY___ 

2026-02-06 14:30:45,792 INFO     ___FILE_ONLY___ │ 
2026-02-06 14:30:45,792 INFO     ___FILE_ONLY___ BigQuery Command Line Tool                         
2026-02-06 14:30:45,792 INFO     ___FILE_ONLY___  
2026-02-06 14:30:45,792 INFO     ___FILE_ONLY___ │ 
2026-02-06 14:30:45,792 INFO     ___FILE_ONLY___     2.1.27
2026-02-06 14:30:45,793 INFO     ___FILE_ONLY___  
2026-02-06 14:30:45,793 INFO     ___FILE_ONLY___ │ 
2026-02-06 14:30:45,793 INFO     ___FILE_ONLY___   1.8 MiB
2026-02-06 14:30:45,794 INFO     ___FILE_ONLY___  
2026-02-06 14:30:45,794 INFO     ___FILE_ONLY___ │
2026-02-06 14:30:45,794 INFO     ___FILE_ONLY___ 

2026-02-06 14:30:45,794 INFO     ___FILE_ONLY___ │ 
2026-02-06 14:30:45,794 INFO     ___FILE_ONLY___ BigQuery Command Line Tool (Platform Specific)     
2026-02-06 14:30:45,794 INFO     ___FILE_ONLY___  
2026-02-06 14:30:45,795 INFO     ___FILE_ONLY___ │ 
2026-02-06 14:30:45,795 INFO     ___FILE_ONLY___     2.1.25
2026-02-06 14:30:45,795 INFO     ___FILE_ONLY___  
2026-02-06 14:30:45,795 INFO     ___FILE_ONLY___ │ 
2026-02-06 14:30:45,796 INFO     ___FILE_ONLY___   < 1 MiB
2026-02-06 14:30:45,796 INFO     ___FILE_ONLY___  
2026-02-06 14:30:45,796 INFO     ___FILE_ONLY___ │
2026-02-06 14:30:45,796 INFO     ___FILE_ONLY___ 

2026-02-06 14:30:45,796 INFO     ___FILE_ONLY___ │ 
2026-02-06 14:30:45,796 INFO     ___FILE_ONLY___ Bundled Python 3.13 (Platform Specific)            
2026-02-06 14:30:45,796 INFO     ___FILE_ONLY___  
2026-02-06 14:30:45,796 INFO     ___FILE_ONLY___ │ 
2026-02-06 14:30:45,796 INFO     ___FILE_ONLY___    3.13.10
2026-02-06 14:30:45,797 INFO     ___FILE_ONLY___  
2026-02-06 14:30:45,797 INFO     ___FILE_ONLY___ │ 
2026-02-06 14:30:45,797 INFO     ___FILE_ONLY___ 138.5 MiB
2026-02-06 14:30:45,797 INFO     ___FILE_ONLY___  
2026-02-06 14:30:45,797 INFO     ___FILE_ONLY___ │
2026-02-06 14:30:45,797 INFO     ___FILE_ONLY___ 

2026-02-06 14:30:45,797 INFO     ___FILE_ONLY___ │ 
2026-02-06 14:30:45,797 INFO     ___FILE_ONLY___ Cloud Storage Command Line Tool                    
2026-02-06 14:30:45,797 INFO     ___FILE_ONLY___  
2026-02-06 14:30:45,797 INFO     ___FILE_ONLY___ │ 
2026-02-06 14:30:45,797 INFO     ___FILE_ONLY___       5.35
2026-02-06 14:30:45,798 INFO     ___FILE_ONLY___  
2026-02-06 14:30:45,798 INFO     ___FILE_ONLY___ │ 
2026-02-06 14:30:45,798 INFO     ___FILE_ONLY___  12.4 MiB
2026-02-06 14:30:45,798 INFO     ___FILE_ONLY___  
2026-02-06 14:30:45,798 INFO     ___FILE_ONLY___ │
2026-02-06 14:30:45,798 INFO     ___FILE_ONLY___ 

2026-02-06 14:30:45,798 INFO     ___FILE_ONLY___ │ 
2026-02-06 14:30:45,798 INFO     ___FILE_ONLY___ Cloud Storage Command Line Tool (Platform Specific)
2026-02-06 14:30:45,798 INFO     ___FILE_ONLY___  
2026-02-06 14:30:45,798 INFO     ___FILE_ONLY___ │ 
2026-02-06 14:30:45,798 INFO     ___FILE_ONLY___       5.35
2026-02-06 14:30:45,798 INFO     ___FILE_ONLY___  
2026-02-06 14:30:45,798 INFO     ___FILE_ONLY___ │ 
2026-02-06 14:30:45,798 INFO     ___FILE_ONLY___   < 1 MiB
2026-02-06 14:30:45,798 INFO     ___FILE_ONLY___  
2026-02-06 14:30:45,799 INFO     ___FILE_ONLY___ │
2026-02-06 14:30:45,799 INFO     ___FILE_ONLY___ 

2026-02-06 14:30:45,799 INFO     ___FILE_ONLY___ │ 
2026-02-06 14:30:45,799 INFO     ___FILE_ONLY___ Google Cloud CLI Core Libraries (Platform Specific)
2026-02-06 14:30:45,799 INFO     ___FILE_ONLY___  
2026-02-06 14:30:45,799 INFO     ___FILE_ONLY___ │ 
2026-02-06 14:30:45,799 INFO     ___FILE_ONLY___ 2025.10.31
2026-02-06 14:30:45,799 INFO     ___FILE_ONLY___  
2026-02-06 14:30:45,799 INFO     ___FILE_ONLY___ │ 
2026-02-06 14:30:45,799 INFO     ___FILE_ONLY___   < 1 MiB
2026-02-06 14:30:45,799 INFO     ___FILE_ONLY___  
2026-02-06 14:30:45,799 INFO     ___FILE_ONLY___ │
2026-02-06 14:30:45,799 INFO     ___FILE_ONLY___ 

2026-02-06 14:30:45,799 INFO     ___FILE_ONLY___ │ 
2026-02-06 14:30:45,800 INFO     ___FILE_ONLY___ Google Cloud CRC32C Hash Tool (Platform Specific)  
2026-02-06 14:30:45,800 INFO     ___FILE_ONLY___  
2026-02-06 14:30:45,800 INFO     ___FILE_ONLY___ │ 
2026-02-06 14:30:45,800 INFO     ___FILE_ONLY___      1.0.0
2026-02-06 14:30:45,800 INFO     ___FILE_ONLY___  
2026-02-06 14:30:45,800 INFO     ___FILE_ONLY___ │ 
2026-02-06 14:30:45,800 INFO     ___FILE_ONLY___   1.5 MiB
2026-02-06 14:30:45,800 INFO     ___FILE_ONLY___  
2026-02-06 14:30:45,800 INFO     ___FILE_ONLY___ │
2026-02-06 14:30:45,800 INFO     ___FILE_ONLY___ 

2026-02-06 14:30:45,800 INFO     ___FILE_ONLY___ │ 
2026-02-06 14:30:45,800 INFO     ___FILE_ONLY___ gcloud cli dependencies (Platform Specific)        
2026-02-06 14:30:45,800 INFO     ___FILE_ONLY___  
2026-02-06 14:30:45,800 INFO     ___FILE_ONLY___ │ 
2026-02-06 14:30:45,800 INFO     ___FILE_ONLY___ 2021.04.16
2026-02-06 14:30:45,801 INFO     ___FILE_ONLY___  
2026-02-06 14:30:45,801 INFO     ___FILE_ONLY___ │ 
2026-02-06 14:30:45,801 INFO     ___FILE_ONLY___   < 1 MiB
2026-02-06 14:30:45,801 INFO     ___FILE_ONLY___  
2026-02-06 14:30:45,801 INFO     ___FILE_ONLY___ │
2026-02-06 14:30:45,801 INFO     ___FILE_ONLY___ 

2026-02-06 14:30:45,801 INFO     ___FILE_ONLY___ └─────────────────────────────────────────────────────┴────────────┴───────────┘
2026-02-06 14:30:45,801 INFO     ___FILE_ONLY___ 

2026-02-06 14:30:45,801 INFO     ___FILE_ONLY___ 

2026-02-06 14:30:45,802 DEBUG    root            On GCE from memory cache: False
2026-02-06 14:30:45,804 DEBUG    root            On GCE from memory cache: False
2026-02-06 14:30:45,805 DEBUG    urllib3.connectionpool Starting new HTTPS connection (1): dl.google.com:443
2026-02-06 14:30:46,879 DEBUG    urllib3.connectionpool https://dl.google.com:443 "GET /dl/cloudsdk/channels/rapid/RELEASE_NOTES HTTP/1.1" 200 348197
2026-02-06 14:30:48,012 INFO     ___FILE_ONLY___ For the latest full release notes, please visit:
  https://cloud.google.com/sdk/release_notes


2026-02-06 14:30:48,013 INFO     ___FILE_ONLY___ Performing in place update...


2026-02-06 14:30:48,015 INFO     ___FILE_ONLY___ ╔════════════════════════════════════════════════════════════╗

2026-02-06 14:30:48,015 INFO     ___FILE_ONLY___ ╠═ Downloading: BigQuery Command Line Tool                  ═╣

2026-02-06 14:30:48,015 INFO     ___FILE_ONLY___ ╚
2026-02-06 14:30:48,017 DEBUG    root            On GCE from memory cache: False
2026-02-06 14:30:48,018 DEBUG    root            On GCE from memory cache: False
2026-02-06 14:30:48,019 DEBUG    urllib3.connectionpool Starting new HTTPS connection (1): dl.google.com:443
2026-02-06 14:30:49,267 DEBUG    urllib3.connectionpool https://dl.google.com:443 "GET /dl/cloudsdk/channels/rapid/components/google-cloud-sdk-bq-20260109121340.tar.gz HTTP/1.1" 200 1921679
2026-02-06 14:30:50,373 INFO     ___FILE_ONLY___ ═
2026-02-06 14:30:50,373 INFO     ___FILE_ONLY___ ═
2026-02-06 14:30:50,373 INFO     ___FILE_ONLY___ ═
2026-02-06 14:30:50,373 INFO     ___FILE_ONLY___ ═
2026-02-06 14:30:50,373 INFO     ___FILE_ONLY___ ═
2026-02-06 14:30:50,374 INFO     ___FILE_ONLY___ ═
2026-02-06 14:30:50,374 INFO     ___FILE_ONLY___ ═
2026-02-06 14:30:50,374 INFO     ___FILE_ONLY___ ═
2026-02-06 14:30:50,374 INFO     ___FILE_ONLY___ ═
2026-02-06 14:30:50,374 INFO     ___FILE_ONLY___ ═
2026-02-06 14:30:50,374 INFO     ___FILE_ONLY___ ═
2026-02-06 14:30:50,375 INFO     ___FILE_ONLY___ ═
2026-02-06 14:30:50,375 INFO     ___FILE_ONLY___ ═
2026-02-06 14:30:50,375 INFO     ___FILE_ONLY___ ═
2026-02-06 14:30:50,375 INFO     ___FILE_ONLY___ ═
2026-02-06 14:30:50,375 INFO     ___FILE_ONLY___ ═
2026-02-06 14:30:50,376 INFO     ___FILE_ONLY___ ═
2026-02-06 14:30:50,376 INFO     ___FILE_ONLY___ ═
2026-02-06 14:30:50,376 INFO     ___FILE_ONLY___ ═
2026-02-06 14:30:50,376 INFO     ___FILE_ONLY___ ═
2026-02-06 14:30:50,376 INFO     ___FILE_ONLY___ ═
2026-02-06 14:30:50,376 INFO     ___FILE_ONLY___ ═
2026-02-06 14:30:50,376 INFO     ___FILE_ONLY___ ═
2026-02-06 14:30:50,377 INFO     ___FILE_ONLY___ ═
2026-02-06 14:30:50,377 INFO     ___FILE_ONLY___ ═
2026-02-06 14:30:50,377 INFO     ___FILE_ONLY___ ═
2026-02-06 14:30:50,377 INFO     ___FILE_ONLY___ ═
2026-02-06 14:30:50,377 INFO     ___FILE_ONLY___ ═
2026-02-06 14:30:50,378 INFO     ___FILE_ONLY___ ═
2026-02-06 14:30:50,378 INFO     ___FILE_ONLY___ ═
2026-02-06 14:30:50,378 INFO     ___FILE_ONLY___ ═
2026-02-06 14:30:50,378 INFO     ___FILE_ONLY___ ═
2026-02-06 14:30:50,378 INFO     ___FILE_ONLY___ ═
2026-02-06 14:30:50,378 INFO     ___FILE_ONLY___ ═
2026-02-06 14:30:50,379 INFO     ___FILE_ONLY___ ═
2026-02-06 14:30:50,379 INFO     ___FILE_ONLY___ ═
2026-02-06 14:30:50,379 INFO     ___FILE_ONLY___ ═
2026-02-06 14:30:50,379 INFO     ___FILE_ONLY___ ═
2026-02-06 14:30:50,379 INFO     ___FILE_ONLY___ ═
2026-02-06 14:30:50,379 INFO     ___FILE_ONLY___ ═
2026-02-06 14:30:50,379 INFO     ___FILE_ONLY___ ═
2026-02-06 14:30:50,380 INFO     ___FILE_ONLY___ ═
2026-02-06 14:30:50,380 INFO     ___FILE_ONLY___ ═
2026-02-06 14:30:50,380 INFO     ___FILE_ONLY___ ═
2026-02-06 14:30:50,380 INFO     ___FILE_ONLY___ ═
2026-02-06 14:30:50,380 INFO     ___FILE_ONLY___ ═
2026-02-06 14:30:50,380 INFO     ___FILE_ONLY___ ═
2026-02-06 14:30:50,380 INFO     ___FILE_ONLY___ ═
2026-02-06 14:30:50,380 INFO     ___FILE_ONLY___ ═
2026-02-06 14:30:50,381 INFO     ___FILE_ONLY___ ═
2026-02-06 14:30:50,381 INFO     ___FILE_ONLY___ ═
2026-02-06 14:30:50,381 INFO     ___FILE_ONLY___ ═
2026-02-06 14:30:50,381 INFO     ___FILE_ONLY___ ═
2026-02-06 14:30:50,381 INFO     ___FILE_ONLY___ ═
2026-02-06 14:30:50,381 INFO     ___FILE_ONLY___ ═
2026-02-06 14:30:50,381 INFO     ___FILE_ONLY___ ═
2026-02-06 14:30:50,381 INFO     ___FILE_ONLY___ ═
2026-02-06 14:30:50,382 INFO     ___FILE_ONLY___ ═
2026-02-06 14:30:50,382 INFO     ___FILE_ONLY___ ═
2026-02-06 14:30:50,382 INFO     ___FILE_ONLY___ ═
2026-02-06 14:30:50,382 INFO     ___FILE_ONLY___ ╝

2026-02-06 14:30:50,384 INFO     ___FILE_ONLY___ ╔════════════════════════════════════════════════════════════╗

2026-02-06 14:30:50,384 INFO     ___FILE_ONLY___ ╠═ Downloading: BigQuery Command Line Tool (Platform Spe... ═╣

2026-02-06 14:30:50,385 INFO     ___FILE_ONLY___ ╚
2026-02-06 14:30:50,386 DEBUG    root            On GCE from memory cache: False
2026-02-06 14:30:50,387 DEBUG    root            On GCE from memory cache: False
2026-02-06 14:30:50,388 DEBUG    urllib3.connectionpool Starting new HTTPS connection (1): dl.google.com:443
2026-02-06 14:30:51,503 DEBUG    urllib3.connectionpool https://dl.google.com:443 "GET /dl/cloudsdk/channels/rapid/components/google-cloud-sdk-bq-nix-20251031202127.tar.gz HTTP/1.1" 200 1932
2026-02-06 14:30:51,504 INFO     ___FILE_ONLY___ ════════════════════════════════════════════════════════════
2026-02-06 14:30:51,504 INFO     ___FILE_ONLY___ ╝

2026-02-06 14:30:51,506 INFO     ___FILE_ONLY___ ╔════════════════════════════════════════════════════════════╗

2026-02-06 14:30:51,506 INFO     ___FILE_ONLY___ ╠═ Downloading: Bundled Python 3.13                         ═╣

2026-02-06 14:30:51,506 INFO     ___FILE_ONLY___ ╚
2026-02-06 14:30:51,506 INFO     ___FILE_ONLY___ ════════════════════════════════════════════════════════════
2026-02-06 14:30:51,506 INFO     ___FILE_ONLY___ ╝

2026-02-06 14:30:51,508 INFO     ___FILE_ONLY___ ╔════════════════════════════════════════════════════════════╗

2026-02-06 14:30:51,508 INFO     ___FILE_ONLY___ ╠═ Downloading: Bundled Python 3.13 (Platform Specific)     ═╣

2026-02-06 14:30:51,509 INFO     ___FILE_ONLY___ ╚
2026-02-06 14:30:51,510 DEBUG    root            On GCE from memory cache: False
2026-02-06 14:30:51,511 DEBUG    root            On GCE from memory cache: False
2026-02-06 14:30:51,512 DEBUG    urllib3.connectionpool Starting new HTTPS connection (1): dl.google.com:443
2026-02-06 14:30:52,628 DEBUG    urllib3.connectionpool https://dl.google.com:443 "GET /dl/cloudsdk/channels/rapid/components/google-cloud-sdk-bundled-python3-unix-linux-x86_64-20260130130055.tar.gz HTTP/1.1" 200 145236151
2026-02-06 14:31:00,876 INFO     ___FILE_ONLY___ ═
2026-02-06 14:31:00,879 INFO     ___FILE_ONLY___ ═
2026-02-06 14:31:00,882 INFO     ___FILE_ONLY___ ═
2026-02-06 14:31:00,885 INFO     ___FILE_ONLY___ ═
2026-02-06 14:31:00,887 INFO     ___FILE_ONLY___ ═
2026-02-06 14:31:00,890 INFO     ___FILE_ONLY___ ═
2026-02-06 14:31:00,893 INFO     ___FILE_ONLY___ ═
2026-02-06 14:31:00,896 INFO     ___FILE_ONLY___ ═
2026-02-06 14:31:00,899 INFO     ___FILE_ONLY___ ═
2026-02-06 14:31:00,901 INFO     ___FILE_ONLY___ ═
2026-02-06 14:31:00,904 INFO     ___FILE_ONLY___ ═
2026-02-06 14:31:00,906 INFO     ___FILE_ONLY___ ═
2026-02-06 14:31:00,909 INFO     ___FILE_ONLY___ ═
2026-02-06 14:31:00,912 INFO     ___FILE_ONLY___ ═
2026-02-06 14:31:00,914 INFO     ___FILE_ONLY___ ═
2026-02-06 14:31:00,917 INFO     ___FILE_ONLY___ ═
2026-02-06 14:31:00,920 INFO     ___FILE_ONLY___ ═
2026-02-06 14:31:00,922 INFO     ___FILE_ONLY___ ═
2026-02-06 14:31:00,925 INFO     ___FILE_ONLY___ ═
2026-02-06 14:31:00,928 INFO     ___FILE_ONLY___ ═
2026-02-06 14:31:00,930 INFO     ___FILE_ONLY___ ═
2026-02-06 14:31:00,933 INFO     ___FILE_ONLY___ ═
2026-02-06 14:31:00,935 INFO     ___FILE_ONLY___ ═
2026-02-06 14:31:00,938 INFO     ___FILE_ONLY___ ═
2026-02-06 14:31:00,940 INFO     ___FILE_ONLY___ ═
2026-02-06 14:31:00,943 INFO     ___FILE_ONLY___ ═
2026-02-06 14:31:00,946 INFO     ___FILE_ONLY___ ═
2026-02-06 14:31:00,948 INFO     ___FILE_ONLY___ ═
2026-02-06 14:31:00,951 INFO     ___FILE_ONLY___ ═
2026-02-06 14:31:00,954 INFO     ___FILE_ONLY___ ═
2026-02-06 14:31:00,956 INFO     ___FILE_ONLY___ ═
2026-02-06 14:31:00,959 INFO     ___FILE_ONLY___ ═
2026-02-06 14:31:00,961 INFO     ___FILE_ONLY___ ═
2026-02-06 14:31:00,964 INFO     ___FILE_ONLY___ ═
2026-02-06 14:31:00,967 INFO     ___FILE_ONLY___ ═
2026-02-06 14:31:00,970 INFO     ___FILE_ONLY___ ═
2026-02-06 14:31:00,972 INFO     ___FILE_ONLY___ ═
2026-02-06 14:31:00,975 INFO     ___FILE_ONLY___ ═
2026-02-06 14:31:00,978 INFO     ___FILE_ONLY___ ═
2026-02-06 14:31:00,981 INFO     ___FILE_ONLY___ ═
2026-02-06 14:31:00,983 INFO     ___FILE_ONLY___ ═
2026-02-06 14:31:00,986 INFO     ___FILE_ONLY___ ═
2026-02-06 14:31:00,988 INFO     ___FILE_ONLY___ ═
2026-02-06 14:31:00,991 INFO     ___FILE_ONLY___ ═
2026-02-06 14:31:00,994 INFO     ___FILE_ONLY___ ═
2026-02-06 14:31:00,996 INFO     ___FILE_ONLY___ ═
2026-02-06 14:31:00,999 INFO     ___FILE_ONLY___ ═
2026-02-06 14:31:01,002 INFO     ___FILE_ONLY___ ═
2026-02-06 14:31:01,004 INFO     ___FILE_ONLY___ ═
2026-02-06 14:31:01,007 INFO     ___FILE_ONLY___ ═
2026-02-06 14:31:01,010 INFO     ___FILE_ONLY___ ═
2026-02-06 14:31:01,012 INFO     ___FILE_ONLY___ ═
2026-02-06 14:31:01,015 INFO     ___FILE_ONLY___ ═
2026-02-06 14:31:01,018 INFO     ___FILE_ONLY___ ═
2026-02-06 14:31:01,020 INFO     ___FILE_ONLY___ ═
2026-02-06 14:31:01,023 INFO     ___FILE_ONLY___ ═
2026-02-06 14:31:01,026 INFO     ___FILE_ONLY___ ═
2026-02-06 14:31:01,028 INFO     ___FILE_ONLY___ ═
2026-02-06 14:31:01,031 INFO     ___FILE_ONLY___ ═
2026-02-06 14:31:01,034 INFO     ___FILE_ONLY___ ═
2026-02-06 14:31:01,034 INFO     ___FILE_ONLY___ ╝

2026-02-06 14:31:01,036 INFO     ___FILE_ONLY___ ╔════════════════════════════════════════════════════════════╗

2026-02-06 14:31:01,036 INFO     ___FILE_ONLY___ ╠═ Downloading: Cloud Storage Command Line Tool             ═╣

2026-02-06 14:31:01,036 INFO     ___FILE_ONLY___ ╚
2026-02-06 14:31:01,038 DEBUG    root            On GCE from memory cache: False
2026-02-06 14:31:01,039 DEBUG    root            On GCE from memory cache: False
2026-02-06 14:31:01,040 DEBUG    urllib3.connectionpool Starting new HTTPS connection (1): dl.google.com:443
2026-02-06 14:31:02,149 DEBUG    urllib3.connectionpool https://dl.google.com:443 "GET /dl/cloudsdk/channels/rapid/components/google-cloud-sdk-gsutil-20250627154417.tar.gz HTTP/1.1" 200 12962791
2026-02-06 14:31:03,898 INFO     ___FILE_ONLY___ ═
2026-02-06 14:31:03,898 INFO     ___FILE_ONLY___ ═
2026-02-06 14:31:03,898 INFO     ___FILE_ONLY___ ═
2026-02-06 14:31:03,899 INFO     ___FILE_ONLY___ ═
2026-02-06 14:31:03,899 INFO     ___FILE_ONLY___ ═
2026-02-06 14:31:03,899 INFO     ___FILE_ONLY___ ═
2026-02-06 14:31:03,900 INFO     ___FILE_ONLY___ ═
2026-02-06 14:31:03,900 INFO     ___FILE_ONLY___ ═
2026-02-06 14:31:03,900 INFO     ___FILE_ONLY___ ═
2026-02-06 14:31:03,901 INFO     ___FILE_ONLY___ ═
2026-02-06 14:31:03,901 INFO     ___FILE_ONLY___ ═
2026-02-06 14:31:03,901 INFO     ___FILE_ONLY___ ═
2026-02-06 14:31:03,901 INFO     ___FILE_ONLY___ ═
2026-02-06 14:31:03,902 INFO     ___FILE_ONLY___ ═
2026-02-06 14:31:03,902 INFO     ___FILE_ONLY___ ═
2026-02-06 14:31:03,902 INFO     ___FILE_ONLY___ ═
2026-02-06 14:31:03,903 INFO     ___FILE_ONLY___ ═
2026-02-06 14:31:03,903 INFO     ___FILE_ONLY___ ═
2026-02-06 14:31:03,903 INFO     ___FILE_ONLY___ ═
2026-02-06 14:31:03,904 INFO     ___FILE_ONLY___ ═
2026-02-06 14:31:03,904 INFO     ___FILE_ONLY___ ═
2026-02-06 14:31:03,904 INFO     ___FILE_ONLY___ ═
2026-02-06 14:31:03,904 INFO     ___FILE_ONLY___ ═
2026-02-06 14:31:03,905 INFO     ___FILE_ONLY___ ═
2026-02-06 14:31:03,905 INFO     ___FILE_ONLY___ ═
2026-02-06 14:31:03,905 INFO     ___FILE_ONLY___ ═
2026-02-06 14:31:03,906 INFO     ___FILE_ONLY___ ═
2026-02-06 14:31:03,906 INFO     ___FILE_ONLY___ ═
2026-02-06 14:31:03,906 INFO     ___FILE_ONLY___ ═
2026-02-06 14:31:03,906 INFO     ___FILE_ONLY___ ═
2026-02-06 14:31:03,907 INFO     ___FILE_ONLY___ ═
2026-02-06 14:31:03,907 INFO     ___FILE_ONLY___ ═
2026-02-06 14:31:03,907 INFO     ___FILE_ONLY___ ═
2026-02-06 14:31:03,908 INFO     ___FILE_ONLY___ ═
2026-02-06 14:31:03,908 INFO     ___FILE_ONLY___ ═
2026-02-06 14:31:03,908 INFO     ___FILE_ONLY___ ═
2026-02-06 14:31:03,908 INFO     ___FILE_ONLY___ ═
2026-02-06 14:31:03,909 INFO     ___FILE_ONLY___ ═
2026-02-06 14:31:03,909 INFO     ___FILE_ONLY___ ═
2026-02-06 14:31:03,909 INFO     ___FILE_ONLY___ ═
2026-02-06 14:31:03,910 INFO     ___FILE_ONLY___ ═
2026-02-06 14:31:03,910 INFO     ___FILE_ONLY___ ═
2026-02-06 14:31:03,910 INFO     ___FILE_ONLY___ ═
2026-02-06 14:31:03,911 INFO     ___FILE_ONLY___ ═
2026-02-06 14:31:03,911 INFO     ___FILE_ONLY___ ═
2026-02-06 14:31:03,911 INFO     ___FILE_ONLY___ ═
2026-02-06 14:31:03,911 INFO     ___FILE_ONLY___ ═
2026-02-06 14:31:03,912 INFO     ___FILE_ONLY___ ═
2026-02-06 14:31:03,912 INFO     ___FILE_ONLY___ ═
2026-02-06 14:31:03,912 INFO     ___FILE_ONLY___ ═
2026-02-06 14:31:03,913 INFO     ___FILE_ONLY___ ═
2026-02-06 14:31:03,913 INFO     ___FILE_ONLY___ ═
2026-02-06 14:31:03,913 INFO     ___FILE_ONLY___ ═
2026-02-06 14:31:03,913 INFO     ___FILE_ONLY___ ═
2026-02-06 14:31:03,914 INFO     ___FILE_ONLY___ ═
2026-02-06 14:31:03,914 INFO     ___FILE_ONLY___ ═
2026-02-06 14:31:03,914 INFO     ___FILE_ONLY___ ═
2026-02-06 14:31:03,915 INFO     ___FILE_ONLY___ ═
2026-02-06 14:31:03,915 INFO     ___FILE_ONLY___ ═
2026-02-06 14:31:03,915 INFO     ___FILE_ONLY___ ═
2026-02-06 14:31:03,915 INFO     ___FILE_ONLY___ ╝

2026-02-06 14:31:03,918 INFO     ___FILE_ONLY___ ╔════════════════════════════════════════════════════════════╗

2026-02-06 14:31:03,918 INFO     ___FILE_ONLY___ ╠═ Downloading: Cloud Storage Command Line Tool (Platfor... ═╣

2026-02-06 14:31:03,918 INFO     ___FILE_ONLY___ ╚
2026-02-06 14:31:03,919 DEBUG    root            On GCE from memory cache: False
2026-02-06 14:31:03,920 DEBUG    root            On GCE from memory cache: False
2026-02-06 14:31:03,921 DEBUG    urllib3.connectionpool Starting new HTTPS connection (1): dl.google.com:443
2026-02-06 14:31:05,663 DEBUG    urllib3.connectionpool https://dl.google.com:443 "GET /dl/cloudsdk/channels/rapid/components/google-cloud-sdk-gsutil-nix-20251031202127.tar.gz HTTP/1.1" 200 1949
2026-02-06 14:31:05,664 INFO     ___FILE_ONLY___ ════════════════════════════════════════════════════════════
2026-02-06 14:31:05,664 INFO     ___FILE_ONLY___ ╝

2026-02-06 14:31:05,666 INFO     ___FILE_ONLY___ ╔════════════════════════════════════════════════════════════╗

2026-02-06 14:31:05,666 INFO     ___FILE_ONLY___ ╠═ Downloading: Default set of gcloud commands              ═╣

2026-02-06 14:31:05,666 INFO     ___FILE_ONLY___ ╚
2026-02-06 14:31:05,666 INFO     ___FILE_ONLY___ ════════════════════════════════════════════════════════════
2026-02-06 14:31:05,666 INFO     ___FILE_ONLY___ ╝

2026-02-06 14:31:05,668 INFO     ___FILE_ONLY___ ╔════════════════════════════════════════════════════════════╗

2026-02-06 14:31:05,668 INFO     ___FILE_ONLY___ ╠═ Downloading: Google Cloud CLI Core Libraries (Platfor... ═╣

2026-02-06 14:31:05,669 INFO     ___FILE_ONLY___ ╚
2026-02-06 14:31:05,670 DEBUG    root            On GCE from memory cache: False
2026-02-06 14:31:05,671 DEBUG    root            On GCE from memory cache: False
2026-02-06 14:31:05,672 DEBUG    urllib3.connectionpool Starting new HTTPS connection (1): dl.google.com:443
2026-02-06 14:31:06,708 DEBUG    urllib3.connectionpool https://dl.google.com:443 "GET /dl/cloudsdk/channels/rapid/components/google-cloud-sdk-core-nix-20251031202127.tar.gz HTTP/1.1" 200 2326
2026-02-06 14:31:06,709 INFO     ___FILE_ONLY___ ════════════════════════════════════════════════════════════
2026-02-06 14:31:06,709 INFO     ___FILE_ONLY___ ╝

2026-02-06 14:31:06,711 INFO     ___FILE_ONLY___ ╔════════════════════════════════════════════════════════════╗

2026-02-06 14:31:06,711 INFO     ___FILE_ONLY___ ╠═ Downloading: Google Cloud CRC32C Hash Tool               ═╣

2026-02-06 14:31:06,712 INFO     ___FILE_ONLY___ ╚
2026-02-06 14:31:06,712 INFO     ___FILE_ONLY___ ════════════════════════════════════════════════════════════
2026-02-06 14:31:06,712 INFO     ___FILE_ONLY___ ╝

2026-02-06 14:31:06,714 INFO     ___FILE_ONLY___ ╔════════════════════════════════════════════════════════════╗

2026-02-06 14:31:06,714 INFO     ___FILE_ONLY___ ╠═ Downloading: Google Cloud CRC32C Hash Tool (Platform ... ═╣

2026-02-06 14:31:06,714 INFO     ___FILE_ONLY___ ╚
2026-02-06 14:31:06,715 DEBUG    root            On GCE from memory cache: False
2026-02-06 14:31:06,716 DEBUG    root            On GCE from memory cache: False
2026-02-06 14:31:06,717 DEBUG    urllib3.connectionpool Starting new HTTPS connection (1): dl.google.com:443
2026-02-06 14:31:07,825 DEBUG    urllib3.connectionpool https://dl.google.com:443 "GET /dl/cloudsdk/channels/rapid/components/google-cloud-sdk-gcloud-crc32c-linux-x86_64-20260102151133.tar.gz HTTP/1.1" 200 1531363
2026-02-06 14:31:09,031 INFO     ___FILE_ONLY___ ═
2026-02-06 14:31:09,032 INFO     ___FILE_ONLY___ ═
2026-02-06 14:31:09,032 INFO     ___FILE_ONLY___ ═
2026-02-06 14:31:09,032 INFO     ___FILE_ONLY___ ═
2026-02-06 14:31:09,032 INFO     ___FILE_ONLY___ ═
2026-02-06 14:31:09,032 INFO     ___FILE_ONLY___ ═
2026-02-06 14:31:09,032 INFO     ___FILE_ONLY___ ═
2026-02-06 14:31:09,032 INFO     ___FILE_ONLY___ ═
2026-02-06 14:31:09,032 INFO     ___FILE_ONLY___ ═
2026-02-06 14:31:09,032 INFO     ___FILE_ONLY___ ═
2026-02-06 14:31:09,032 INFO     ___FILE_ONLY___ ═
2026-02-06 14:31:09,033 INFO     ___FILE_ONLY___ ═
2026-02-06 14:31:09,033 INFO     ___FILE_ONLY___ ═
2026-02-06 14:31:09,033 INFO     ___FILE_ONLY___ ═
2026-02-06 14:31:09,033 INFO     ___FILE_ONLY___ ═
2026-02-06 14:31:09,033 INFO     ___FILE_ONLY___ ═
2026-02-06 14:31:09,033 INFO     ___FILE_ONLY___ ═
2026-02-06 14:31:09,033 INFO     ___FILE_ONLY___ ═
2026-02-06 14:31:09,033 INFO     ___FILE_ONLY___ ═
2026-02-06 14:31:09,033 INFO     ___FILE_ONLY___ ═
2026-02-06 14:31:09,033 INFO     ___FILE_ONLY___ ═
2026-02-06 14:31:09,033 INFO     ___FILE_ONLY___ ═
2026-02-06 14:31:09,033 INFO     ___FILE_ONLY___ ═
2026-02-06 14:31:09,034 INFO     ___FILE_ONLY___ ═
2026-02-06 14:31:09,034 INFO     ___FILE_ONLY___ ═
2026-02-06 14:31:09,034 INFO     ___FILE_ONLY___ ═
2026-02-06 14:31:09,034 INFO     ___FILE_ONLY___ ═
2026-02-06 14:31:09,034 INFO     ___FILE_ONLY___ ═
2026-02-06 14:31:09,034 INFO     ___FILE_ONLY___ ═
2026-02-06 14:31:09,034 INFO     ___FILE_ONLY___ ═
2026-02-06 14:31:09,034 INFO     ___FILE_ONLY___ ═
2026-02-06 14:31:09,034 INFO     ___FILE_ONLY___ ═
2026-02-06 14:31:09,034 INFO     ___FILE_ONLY___ ═
2026-02-06 14:31:09,034 INFO     ___FILE_ONLY___ ═
2026-02-06 14:31:09,035 INFO     ___FILE_ONLY___ ═
2026-02-06 14:31:09,035 INFO     ___FILE_ONLY___ ═
2026-02-06 14:31:09,035 INFO     ___FILE_ONLY___ ═
2026-02-06 14:31:09,035 INFO     ___FILE_ONLY___ ═
2026-02-06 14:31:09,035 INFO     ___FILE_ONLY___ ═
2026-02-06 14:31:09,035 INFO     ___FILE_ONLY___ ═
2026-02-06 14:31:09,035 INFO     ___FILE_ONLY___ ═
2026-02-06 14:31:09,035 INFO     ___FILE_ONLY___ ═
2026-02-06 14:31:09,035 INFO     ___FILE_ONLY___ ═
2026-02-06 14:31:09,035 INFO     ___FILE_ONLY___ ═
2026-02-06 14:31:09,035 INFO     ___FILE_ONLY___ ═
2026-02-06 14:31:09,035 INFO     ___FILE_ONLY___ ═
2026-02-06 14:31:09,036 INFO     ___FILE_ONLY___ ═
2026-02-06 14:31:09,036 INFO     ___FILE_ONLY___ ═
2026-02-06 14:31:09,036 INFO     ___FILE_ONLY___ ═
2026-02-06 14:31:09,036 INFO     ___FILE_ONLY___ ═
2026-02-06 14:31:09,036 INFO     ___FILE_ONLY___ ═
2026-02-06 14:31:09,036 INFO     ___FILE_ONLY___ ═
2026-02-06 14:31:09,036 INFO     ___FILE_ONLY___ ═
2026-02-06 14:31:09,036 INFO     ___FILE_ONLY___ ═
2026-02-06 14:31:09,036 INFO     ___FILE_ONLY___ ═
2026-02-06 14:31:09,036 INFO     ___FILE_ONLY___ ═
2026-02-06 14:31:09,036 INFO     ___FILE_ONLY___ ═
2026-02-06 14:31:09,036 INFO     ___FILE_ONLY___ ═
2026-02-06 14:31:09,036 INFO     ___FILE_ONLY___ ═
2026-02-06 14:31:09,037 INFO     ___FILE_ONLY___ ═
2026-02-06 14:31:09,037 INFO     ___FILE_ONLY___ ╝

2026-02-06 14:31:09,039 INFO     ___FILE_ONLY___ ╔════════════════════════════════════════════════════════════╗

2026-02-06 14:31:09,039 INFO     ___FILE_ONLY___ ╠═ Downloading: gcloud cli dependencies (Platform Specific) ═╣

2026-02-06 14:31:09,039 INFO     ___FILE_ONLY___ ╚
2026-02-06 14:31:09,040 DEBUG    root            On GCE from memory cache: False
2026-02-06 14:31:09,041 DEBUG    root            On GCE from memory cache: False
2026-02-06 14:31:09,042 DEBUG    urllib3.connectionpool Starting new HTTPS connection (1): dl.google.com:443
2026-02-06 14:31:10,103 DEBUG    urllib3.connectionpool https://dl.google.com:443 "GET /dl/cloudsdk/channels/rapid/components/google-cloud-sdk-gcloud-deps-linux-x86_64-20210416153011.tar.gz HTTP/1.1" 200 104
2026-02-06 14:31:10,104 INFO     ___FILE_ONLY___ ════════════════════════════════════════════════════════════
2026-02-06 14:31:10,104 INFO     ___FILE_ONLY___ ╝

2026-02-06 14:31:10,106 INFO     ___FILE_ONLY___ ╔════════════════════════════════════════════════════════════╗

2026-02-06 14:31:10,107 INFO     ___FILE_ONLY___ ╠═ Installing: BigQuery Command Line Tool                   ═╣

2026-02-06 14:31:10,107 INFO     ___FILE_ONLY___ ╚
2026-02-06 14:31:10,208 INFO     ___FILE_ONLY___ ═
2026-02-06 14:31:10,211 INFO     ___FILE_ONLY___ ═
2026-02-06 14:31:10,213 INFO     ___FILE_ONLY___ ═
2026-02-06 14:31:10,216 INFO     ___FILE_ONLY___ ═
2026-02-06 14:31:10,219 INFO     ___FILE_ONLY___ ═
2026-02-06 14:31:10,222 INFO     ___FILE_ONLY___ ═
2026-02-06 14:31:10,224 INFO     ___FILE_ONLY___ ═
2026-02-06 14:31:10,226 INFO     ___FILE_ONLY___ ═
2026-02-06 14:31:10,228 INFO     ___FILE_ONLY___ ═
2026-02-06 14:31:10,231 INFO     ___FILE_ONLY___ ═
2026-02-06 14:31:10,233 INFO     ___FILE_ONLY___ ═
2026-02-06 14:31:10,235 INFO     ___FILE_ONLY___ ═
2026-02-06 14:31:10,237 INFO     ___FILE_ONLY___ ═
2026-02-06 14:31:10,239 INFO     ___FILE_ONLY___ ═
2026-02-06 14:31:10,242 INFO     ___FILE_ONLY___ ═
2026-02-06 14:31:10,244 INFO     ___FILE_ONLY___ ═
2026-02-06 14:31:10,246 INFO     ___FILE_ONLY___ ═
2026-02-06 14:31:10,249 INFO     ___FILE_ONLY___ ═
2026-02-06 14:31:10,252 INFO     ___FILE_ONLY___ ═
2026-02-06 14:31:10,254 INFO     ___FILE_ONLY___ ═
2026-02-06 14:31:10,256 INFO     ___FILE_ONLY___ ═
2026-02-06 14:31:10,258 INFO     ___FILE_ONLY___ ═
2026-02-06 14:31:10,260 INFO     ___FILE_ONLY___ ═
2026-02-06 14:31:10,262 INFO     ___FILE_ONLY___ ═
2026-02-06 14:31:10,265 INFO     ___FILE_ONLY___ ═
2026-02-06 14:31:10,267 INFO     ___FILE_ONLY___ ═
2026-02-06 14:31:10,269 INFO     ___FILE_ONLY___ ═
2026-02-06 14:31:10,271 INFO     ___FILE_ONLY___ ═
2026-02-06 14:31:10,273 INFO     ___FILE_ONLY___ ═
2026-02-06 14:31:10,275 INFO     ___FILE_ONLY___ ═
2026-02-06 14:31:10,277 INFO     ___FILE_ONLY___ ═
2026-02-06 14:31:10,279 INFO     ___FILE_ONLY___ ═
2026-02-06 14:31:10,280 INFO     ___FILE_ONLY___ ═
2026-02-06 14:31:10,285 INFO     ___FILE_ONLY___ ═
2026-02-06 14:31:10,287 INFO     ___FILE_ONLY___ ═
2026-02-06 14:31:10,289 INFO     ___FILE_ONLY___ ═
2026-02-06 14:31:10,292 INFO     ___FILE_ONLY___ ═
2026-02-06 14:31:10,295 INFO     ___FILE_ONLY___ ═
2026-02-06 14:31:10,306 INFO     ___FILE_ONLY___ ═
2026-02-06 14:31:10,311 INFO     ___FILE_ONLY___ ═
2026-02-06 14:31:10,313 INFO     ___FILE_ONLY___ ═
2026-02-06 14:31:10,316 INFO     ___FILE_ONLY___ ═
2026-02-06 14:31:10,319 INFO     ___FILE_ONLY___ ═
2026-02-06 14:31:10,321 INFO     ___FILE_ONLY___ ═
2026-02-06 14:31:10,323 INFO     ___FILE_ONLY___ ═
2026-02-06 14:31:10,328 INFO     ___FILE_ONLY___ ═
2026-02-06 14:31:10,330 INFO     ___FILE_ONLY___ ═
2026-02-06 14:31:10,333 INFO     ___FILE_ONLY___ ═
2026-02-06 14:31:10,335 INFO     ___FILE_ONLY___ ═
2026-02-06 14:31:10,337 INFO     ___FILE_ONLY___ ═
2026-02-06 14:31:10,340 INFO     ___FILE_ONLY___ ═
2026-02-06 14:31:10,343 INFO     ___FILE_ONLY___ ═
2026-02-06 14:31:10,345 INFO     ___FILE_ONLY___ ═
2026-02-06 14:31:10,348 INFO     ___FILE_ONLY___ ═
2026-02-06 14:31:10,350 INFO     ___FILE_ONLY___ ═
2026-02-06 14:31:10,352 INFO     ___FILE_ONLY___ ═
2026-02-06 14:31:10,355 INFO     ___FILE_ONLY___ ═
2026-02-06 14:31:10,358 INFO     ___FILE_ONLY___ ═
2026-02-06 14:31:10,359 INFO     ___FILE_ONLY___ ═
2026-02-06 14:31:10,362 INFO     ___FILE_ONLY___ ═
2026-02-06 14:31:10,362 INFO     ___FILE_ONLY___ ╝

2026-02-06 14:31:10,370 INFO     ___FILE_ONLY___ ╔════════════════════════════════════════════════════════════╗

2026-02-06 14:31:10,370 INFO     ___FILE_ONLY___ ╠═ Installing: BigQuery Command Line Tool (Platform Spec... ═╣

2026-02-06 14:31:10,370 INFO     ___FILE_ONLY___ ╚
2026-02-06 14:31:10,371 INFO     ___FILE_ONLY___ ════════════════════════════════════════════════════════════
2026-02-06 14:31:10,371 INFO     ___FILE_ONLY___ ╝

2026-02-06 14:31:10,378 INFO     ___FILE_ONLY___ ╔════════════════════════════════════════════════════════════╗

2026-02-06 14:31:10,378 INFO     ___FILE_ONLY___ ╠═ Installing: Bundled Python 3.13                          ═╣

2026-02-06 14:31:10,378 INFO     ___FILE_ONLY___ ╚
2026-02-06 14:31:10,381 INFO     ___FILE_ONLY___ ════════════════════════════════════════════════════════════
2026-02-06 14:31:10,381 INFO     ___FILE_ONLY___ ╝

2026-02-06 14:31:10,383 INFO     ___FILE_ONLY___ ╔════════════════════════════════════════════════════════════╗

2026-02-06 14:31:10,383 INFO     ___FILE_ONLY___ ╠═ Installing: Bundled Python 3.13 (Platform Specific)      ═╣

2026-02-06 14:31:10,383 INFO     ___FILE_ONLY___ ╚
2026-02-06 14:31:13,467 INFO     ___FILE_ONLY___ ═
2026-02-06 14:31:13,482 INFO     ___FILE_ONLY___ ═
2026-02-06 14:31:13,495 INFO     ___FILE_ONLY___ ═
2026-02-06 14:31:15,836 INFO     ___FILE_ONLY___ ═
2026-02-06 14:31:15,860 INFO     ___FILE_ONLY___ ═
2026-02-06 14:31:15,887 INFO     ___FILE_ONLY___ ═
2026-02-06 14:31:15,906 INFO     ___FILE_ONLY___ ═
2026-02-06 14:31:15,935 INFO     ___FILE_ONLY___ ═
2026-02-06 14:31:15,948 INFO     ___FILE_ONLY___ ═
2026-02-06 14:31:16,044 INFO     ___FILE_ONLY___ ═
2026-02-06 14:31:16,061 INFO     ___FILE_ONLY___ ═
2026-02-06 14:31:16,079 INFO     ___FILE_ONLY___ ═
2026-02-06 14:31:16,106 INFO     ___FILE_ONLY___ ═
2026-02-06 14:31:16,122 INFO     ___FILE_ONLY___ ═
2026-02-06 14:31:16,138 INFO     ___FILE_ONLY___ ═
2026-02-06 14:31:16,151 INFO     ___FILE_ONLY___ ═
2026-02-06 14:31:16,166 INFO     ___FILE_ONLY___ ═
2026-02-06 14:31:16,180 INFO     ___FILE_ONLY___ ═
2026-02-06 14:31:16,195 INFO     ___FILE_ONLY___ ═
2026-02-06 14:31:16,212 INFO     ___FILE_ONLY___ ═
2026-02-06 14:31:16,231 INFO     ___FILE_ONLY___ ═
2026-02-06 14:31:16,244 INFO     ___FILE_ONLY___ ═
2026-02-06 14:31:16,260 INFO     ___FILE_ONLY___ ═
2026-02-06 14:31:16,411 INFO     ___FILE_ONLY___ ═
2026-02-06 14:31:16,895 INFO     ___FILE_ONLY___ ═
2026-02-06 14:31:16,919 INFO     ___FILE_ONLY___ ═
2026-02-06 14:31:16,940 INFO     ___FILE_ONLY___ ═
2026-02-06 14:31:16,953 INFO     ___FILE_ONLY___ ═
2026-02-06 14:31:16,965 INFO     ___FILE_ONLY___ ═
2026-02-06 14:31:16,976 INFO     ___FILE_ONLY___ ═
2026-02-06 14:31:16,988 INFO     ___FILE_ONLY___ ═
2026-02-06 14:31:16,999 INFO     ___FILE_ONLY___ ═
2026-02-06 14:31:17,011 INFO     ___FILE_ONLY___ ═
2026-02-06 14:31:17,023 INFO     ___FILE_ONLY___ ═
2026-02-06 14:31:17,034 INFO     ___FILE_ONLY___ ═
2026-02-06 14:31:17,045 INFO     ___FILE_ONLY___ ═
2026-02-06 14:31:17,057 INFO     ___FILE_ONLY___ ═
2026-02-06 14:31:17,068 INFO     ___FILE_ONLY___ ═
2026-02-06 14:31:17,079 INFO     ___FILE_ONLY___ ═
2026-02-06 14:31:17,091 INFO     ___FILE_ONLY___ ═
2026-02-06 14:31:17,103 INFO     ___FILE_ONLY___ ═
2026-02-06 14:31:17,114 INFO     ___FILE_ONLY___ ═
2026-02-06 14:31:17,126 INFO     ___FILE_ONLY___ ═
2026-02-06 14:31:17,137 INFO     ___FILE_ONLY___ ═
2026-02-06 14:31:17,148 INFO     ___FILE_ONLY___ ═
2026-02-06 14:31:17,160 INFO     ___FILE_ONLY___ ═
2026-02-06 14:31:17,171 INFO     ___FILE_ONLY___ ═
2026-02-06 14:31:17,183 INFO     ___FILE_ONLY___ ═
2026-02-06 14:31:17,194 INFO     ___FILE_ONLY___ ═
2026-02-06 14:31:17,205 INFO     ___FILE_ONLY___ ═
2026-02-06 14:31:17,216 INFO     ___FILE_ONLY___ ═
2026-02-06 14:31:17,228 INFO     ___FILE_ONLY___ ═
2026-02-06 14:31:17,239 INFO     ___FILE_ONLY___ ═
2026-02-06 14:31:17,251 INFO     ___FILE_ONLY___ ═
2026-02-06 14:31:17,263 INFO     ___FILE_ONLY___ ═
2026-02-06 14:31:17,274 INFO     ___FILE_ONLY___ ═
2026-02-06 14:31:17,286 INFO     ___FILE_ONLY___ ═
2026-02-06 14:31:17,297 INFO     ___FILE_ONLY___ ═
2026-02-06 14:31:17,308 INFO     ___FILE_ONLY___ ═
2026-02-06 14:31:17,320 INFO     ___FILE_ONLY___ ═
2026-02-06 14:31:17,320 INFO     ___FILE_ONLY___ ╝

2026-02-06 14:31:17,383 INFO     ___FILE_ONLY___ ╔════════════════════════════════════════════════════════════╗

2026-02-06 14:31:17,384 INFO     ___FILE_ONLY___ ╠═ Installing: Cloud Storage Command Line Tool              ═╣

2026-02-06 14:31:17,384 INFO     ___FILE_ONLY___ ╚
2026-02-06 14:31:17,924 INFO     ___FILE_ONLY___ ═
2026-02-06 14:31:17,934 INFO     ___FILE_ONLY___ ═
2026-02-06 14:31:17,944 INFO     ___FILE_ONLY___ ═
2026-02-06 14:31:17,954 INFO     ___FILE_ONLY___ ═
2026-02-06 14:31:17,963 INFO     ___FILE_ONLY___ ═
2026-02-06 14:31:17,996 INFO     ___FILE_ONLY___ ═
2026-02-06 14:31:18,008 INFO     ___FILE_ONLY___ ═
2026-02-06 14:31:18,023 INFO     ___FILE_ONLY___ ═
2026-02-06 14:31:18,037 INFO     ___FILE_ONLY___ ═
2026-02-06 14:31:18,053 INFO     ___FILE_ONLY___ ═
2026-02-06 14:31:18,071 INFO     ___FILE_ONLY___ ═
2026-02-06 14:31:18,084 INFO     ___FILE_ONLY___ ═
2026-02-06 14:31:18,097 INFO     ___FILE_ONLY___ ═
2026-02-06 14:31:18,106 INFO     ___FILE_ONLY___ ═
2026-02-06 14:31:18,117 INFO     ___FILE_ONLY___ ═
2026-02-06 14:31:18,135 INFO     ___FILE_ONLY___ ═
2026-02-06 14:31:18,149 INFO     ___FILE_ONLY___ ═
2026-02-06 14:31:18,159 INFO     ___FILE_ONLY___ ═
2026-02-06 14:31:18,171 INFO     ___FILE_ONLY___ ═
2026-02-06 14:31:18,184 INFO     ___FILE_ONLY___ ═
2026-02-06 14:31:18,195 INFO     ___FILE_ONLY___ ═
2026-02-06 14:31:18,209 INFO     ___FILE_ONLY___ ═
2026-02-06 14:31:18,220 INFO     ___FILE_ONLY___ ═
2026-02-06 14:31:18,232 INFO     ___FILE_ONLY___ ═
2026-02-06 14:31:18,242 INFO     ___FILE_ONLY___ ═
2026-02-06 14:31:18,251 INFO     ___FILE_ONLY___ ═
2026-02-06 14:31:18,261 INFO     ___FILE_ONLY___ ═
2026-02-06 14:31:18,274 INFO     ___FILE_ONLY___ ═
2026-02-06 14:31:18,289 INFO     ___FILE_ONLY___ ═
2026-02-06 14:31:18,300 INFO     ___FILE_ONLY___ ═
2026-02-06 14:31:18,311 INFO     ___FILE_ONLY___ ═
2026-02-06 14:31:18,331 INFO     ___FILE_ONLY___ ═
2026-02-06 14:31:18,346 INFO     ___FILE_ONLY___ ═
2026-02-06 14:31:18,363 INFO     ___FILE_ONLY___ ═
2026-02-06 14:31:18,376 INFO     ___FILE_ONLY___ ═
2026-02-06 14:31:18,392 INFO     ___FILE_ONLY___ ═
2026-02-06 14:31:18,401 INFO     ___FILE_ONLY___ ═
2026-02-06 14:31:18,411 INFO     ___FILE_ONLY___ ═
2026-02-06 14:31:18,445 INFO     ___FILE_ONLY___ ═
2026-02-06 14:31:18,466 INFO     ___FILE_ONLY___ ═
2026-02-06 14:31:18,476 INFO     ___FILE_ONLY___ ═
2026-02-06 14:31:18,486 INFO     ___FILE_ONLY___ ═
2026-02-06 14:31:18,495 INFO     ___FILE_ONLY___ ═
2026-02-06 14:31:18,505 INFO     ___FILE_ONLY___ ═
2026-02-06 14:31:18,514 INFO     ___FILE_ONLY___ ═
2026-02-06 14:31:18,523 INFO     ___FILE_ONLY___ ═
2026-02-06 14:31:18,532 INFO     ___FILE_ONLY___ ═
2026-02-06 14:31:18,541 INFO     ___FILE_ONLY___ ═
2026-02-06 14:31:18,550 INFO     ___FILE_ONLY___ ═
2026-02-06 14:31:18,562 INFO     ___FILE_ONLY___ ═
2026-02-06 14:31:18,576 INFO     ___FILE_ONLY___ ═
2026-02-06 14:31:18,588 INFO     ___FILE_ONLY___ ═
2026-02-06 14:31:18,601 INFO     ___FILE_ONLY___ ═
2026-02-06 14:31:18,613 INFO     ___FILE_ONLY___ ═
2026-02-06 14:31:18,625 INFO     ___FILE_ONLY___ ═
2026-02-06 14:31:18,639 INFO     ___FILE_ONLY___ ═
2026-02-06 14:31:18,655 INFO     ___FILE_ONLY___ ═
2026-02-06 14:31:18,676 INFO     ___FILE_ONLY___ ═
2026-02-06 14:31:18,692 INFO     ___FILE_ONLY___ ═
2026-02-06 14:31:18,709 INFO     ___FILE_ONLY___ ═
2026-02-06 14:31:18,709 INFO     ___FILE_ONLY___ ╝

2026-02-06 14:31:18,740 INFO     ___FILE_ONLY___ ╔════════════════════════════════════════════════════════════╗

2026-02-06 14:31:18,740 INFO     ___FILE_ONLY___ ╠═ Installing: Cloud Storage Command Line Tool (Platform... ═╣

2026-02-06 14:31:18,741 INFO     ___FILE_ONLY___ ╚
2026-02-06 14:31:18,741 INFO     ___FILE_ONLY___ ════════════════════════════════════════════════════════════
2026-02-06 14:31:18,742 INFO     ___FILE_ONLY___ ╝

2026-02-06 14:31:18,746 INFO     ___FILE_ONLY___ ╔════════════════════════════════════════════════════════════╗

2026-02-06 14:31:18,746 INFO     ___FILE_ONLY___ ╠═ Installing: Default set of gcloud commands               ═╣

2026-02-06 14:31:18,747 INFO     ___FILE_ONLY___ ╚
2026-02-06 14:31:18,750 INFO     ___FILE_ONLY___ ════════════════════════════════════════════════════════════
2026-02-06 14:31:18,750 INFO     ___FILE_ONLY___ ╝

2026-02-06 14:31:18,752 INFO     ___FILE_ONLY___ ╔════════════════════════════════════════════════════════════╗

2026-02-06 14:31:18,752 INFO     ___FILE_ONLY___ ╠═ Installing: Google Cloud CLI Core Libraries (Platform... ═╣

2026-02-06 14:31:18,752 INFO     ___FILE_ONLY___ ╚
2026-02-06 14:31:18,753 INFO     ___FILE_ONLY___ ══════════════════════════════
2026-02-06 14:31:18,753 INFO     ___FILE_ONLY___ ══════════════════════════════
2026-02-06 14:31:18,753 INFO     ___FILE_ONLY___ ╝

2026-02-06 14:31:18,758 INFO     ___FILE_ONLY___ ╔════════════════════════════════════════════════════════════╗

2026-02-06 14:31:18,758 INFO     ___FILE_ONLY___ ╠═ Installing: Google Cloud CRC32C Hash Tool                ═╣

2026-02-06 14:31:18,758 INFO     ___FILE_ONLY___ ╚
2026-02-06 14:31:18,761 INFO     ___FILE_ONLY___ ════════════════════════════════════════════════════════════
2026-02-06 14:31:18,761 INFO     ___FILE_ONLY___ ╝

2026-02-06 14:31:18,763 INFO     ___FILE_ONLY___ ╔════════════════════════════════════════════════════════════╗

2026-02-06 14:31:18,763 INFO     ___FILE_ONLY___ ╠═ Installing: Google Cloud CRC32C Hash Tool (Platform S... ═╣

2026-02-06 14:31:18,763 INFO     ___FILE_ONLY___ ╚
2026-02-06 14:31:18,799 INFO     ___FILE_ONLY___ ══════════════════════════════
2026-02-06 14:31:18,800 INFO     ___FILE_ONLY___ ══════════════════════════════
2026-02-06 14:31:18,800 INFO     ___FILE_ONLY___ ╝

2026-02-06 14:31:18,805 INFO     ___FILE_ONLY___ ╔════════════════════════════════════════════════════════════╗

2026-02-06 14:31:18,805 INFO     ___FILE_ONLY___ ╠═ Installing: gcloud cli dependencies (Platform Specific)  ═╣

2026-02-06 14:31:18,805 INFO     ___FILE_ONLY___ ╚
2026-02-06 14:31:18,806 INFO     ___FILE_ONLY___ ════════════════════════════════════════════════════════════
2026-02-06 14:31:18,806 INFO     ___FILE_ONLY___ ╝

2026-02-06 14:31:18,811 DEBUG    root            Updating notification cache...
2026-02-06 14:31:18,812 INFO     ___FILE_ONLY___ 

2026-02-06 14:31:18,814 INFO     ___FILE_ONLY___ Performing post processing steps...
2026-02-06 14:31:18,814 DEBUG    root            Executing command: ['/tools/google-cloud-sdk/bin/gcloud', 'components', 'post-process']
2026-02-06 14:31:27,841 DEBUG    ___FILE_ONLY___ 
2026-02-06 14:31:27,842 DEBUG    ___FILE_ONLY___ 
2026-02-06 14:31:28,083 INFO     root            descriptor_list: [{'universeDomain': 'googleapis.com', 'universeShortName': '', 'authenticationDomain': 'auth.cloud.google.com', 'projectPrefix': '', 'cloudWebDomain': 'cloud.google.com', 'documentationDomain': 'cloud.google.com', 'version': '1.0.0', 'state': 'primary', 'artifactRegistryDomain': 'pkg.dev'}]
2026-02-06 14:31:28,083 INFO     ___FILE_ONLY___ 
Update done!


2026-02-06 14:31:28,086 DEBUG    root            Chosen display Format:none
2026-02-06 14:31:28,086 INFO     root            Display format: "none"
